<?xml version="1.0" encoding="UTF-8"?>
<!-- Generated by org.testng.reporters.JUnitReportReporter -->
<testsuite hostname="LAPTOP-2864QMMB" failures="0" tests="1" name="com.simplilearn.Amazon" time="17.372" errors="0" timestamp="2022-04-28T21:55:33 IST" skipped="0">
  <testcase classname="com.simplilearn.Amazon" name="test2" time="17.372"/>
  <system-out/>
</testsuite> <!-- com.simplilearn.Amazon -->
